Compiling the CXX compiler identification source file "CMakeCXXCompilerId.cpp" failed.
Compiler: /usr/bin/c++ 
Build flags: "-fPIC"
Id flags:  

The output was:
1
c++: error: "-fPIC": 没有那个文件或目录


Compiling the CXX compiler identification source file "CMakeCXXCompilerId.cpp" failed.
Compiler: /usr/bin/c++ 
Build flags: "-fPIC"
Id flags: -c 

The output was:
1
c++: error: "-fPIC": 没有那个文件或目录


Compiling the CXX compiler identification source file "CMakeCXXCompilerId.cpp" failed.
Compiler: /usr/bin/c++ 
Build flags: "-fPIC"
Id flags: --c++ 

The output was:
1
c++: error: "-fPIC": 没有那个文件或目录
c++: error: unrecognized command line option ‘--c++’


Compiling the CXX compiler identification source file "CMakeCXXCompilerId.cpp" failed.
Compiler: /usr/bin/c++ 
Build flags: "-fPIC"
Id flags: --ec++ 

The output was:
1
c++: error: "-fPIC": 没有那个文件或目录
c++: error: unrecognized command line option ‘--ec++’; did you mean ‘-Weffc++’?


Compiling the CXX compiler identification source file "CMakeCXXCompilerId.cpp" failed.
Compiler: /usr/bin/c++ 
Build flags: "-fPIC"
Id flags: --target=arm-arm-none-eabi;-mcpu=cortex-m3 

The output was:
1
c++: error: "-fPIC": 没有那个文件或目录
c++: warning: ‘-mcpu=’ is deprecated; use ‘-mtune=’ or ‘-march=’ instead
c++: error: unrecognized command line option ‘--target=arm-arm-none-eabi’


